lwmf log system / (c) Stefan Kubsch
logging started at: Mon Jun  3 21:36:52 2019

--------------------------------------------------------------------------------------------------------------
WINDOW: Create window...
WINDOW: Create OpenGL context...
OPENGL: Set vsync (-1)...
OPENGL: Load extensions...
SHADER (Default): Create vertex buffer object...
SHADER (Default): Create vertex array object...
SHADER (Default): Create element buffer object...
SHADER (Default): Create and compile the vertex shader...
SHADER (Default): Create and compile the fragment shader...
SHADER (Default): Link the vertex and fragment shader into a shader program...
SHADER (Default): Use shader program...
SHADER (Default): Specify the layout of the vertex data...
SHADER (Default): Create projection matrix...
SHADER (Default): Since the shader program is now loaded into GPU, we can delete the shader program...
RAWINPUT: Register device 2...
RAWINPUT: Register device 6...
PNG: Load file ./DemoGFX/LandscapeTexture.png...
PNG: Load file ./DemoGFX/Landscape.png...
PNG: Load file ./DemoGFX/Head.png...
PNG: Load file ./DemoGFX/TunnelTexture.png...
PNG: Load file ./DemoGFX/Head.png...
BMP: Load file ./DemoGFX/Bob1.bmp...
BMP: Load file ./DemoGFX/Bob2.bmp...
PNG: Load file ./DemoGFX/SinusScrollerChars.png...
MESSAGE: WM_QUIT received...
RAWINPUT: Unregister device 2...
RAWINPUT: Unregister device 6...
Exit program...
--------------------------------------------------------------------------------------------------------------
logging ended at: Mon Jun  3 21:36:54 2019

